gplink-0.13.7 beta
Copyright (c) 1998-2005 gputils project
Listing File Generated: 2-9-2013  13:35:08
 
 
Address  Value    Disassembly              Source
-------  -----    -----------              ------
                                           	processor	pic16f690
                                           	include		<p16f690.inc>
                                                   LIST
                                           ; P16F690.INC  Standard Header File, Version 1.00    Microchip Technology, Inc.
                                                   NOLIST
                                           	include		<coff.inc>
                                             list
                                           ; coff.inc - gputils header file
                                             nolist
                                           	include		<config.inc>
                                           ;; gputils_make_example, Copyright 2013 Vicente Oscar Mier Vela <vomv1988@gmail.com>
                                           ;;    This file is part of gputils_make_example.
                                           ;;
                                           ;;    gputils_make_example is free software: you can redistribute it and/or modify
                                           ;;    it under the terms of the GNU General Public License as published by
                                           ;;    the Free Software Foundation, either version 3 of the License, or
                                           ;;    (at your option) any later version.
                                           ;;
                                           ;;    gputils_make_example is distributed in the hope that it will be useful,
                                           ;;    but WITHOUT ANY WARRANTY; without even the implied warranty of
                                           ;;    MERCHANTABILITY or FITNESS FOR A PARTICULAR PURPOSE.  See the
                                           ;;    GNU General Public License for more details.
                                           ;;
                                           ;;    You should have received a copy of the GNU General Public License
                                           ;;    along with gputils_make_example.  If not, see <http://www.gnu.org/licenses/>.
                                           	__CONFIG ( _FCMEN_OFF & _IESO_OFF & _BOR_OFF & _CPD_OFF & _CP_OFF & _MCLRE_OFF & _PWRTE_OFF & _WDT_OFF & _INTRC_OSC_NOCLKOUT )
                                           
                                           	extern		set_ports
                                           	extern		test_trmt
                                           
                                           start	code		H'0000'
000000   2855     goto	0x55                	goto		main
                                           
                                           prog	code
                                           main:
000055   2001     call	0x1                 	call		set_ports
                                           test:
000056   2013     call	0x13                	call		test_trmt
000057   2856     goto	0x56                	goto		test
                                           	end
                                           	processor	pic16f690
                                           	include		<p16f690.inc>
                                                   LIST
                                           ; P16F690.INC  Standard Header File, Version 1.00    Microchip Technology, Inc.
                                                   NOLIST
                                           
                                           	global		set_ports
                                           
                                           	extern		set_anselh_ansel
                                           	extern		set_pinout_tris
                                           	extern		set_eusart_19200
                                           
                                           libtt	code
                                           set_ports:
000001   202f     call	0x2f                	call		set_anselh_ansel	;;	<< Initial pinout / EUSART settings
000002   2005     call	0x5                 	call		set_pinout_tris		;;	<<
000003   2036     call	0x36                	call		set_eusart_19200	;;	<<
000004   0008     return                   	return
                                           	end
                                           	processor	pic16f690
                                           	include		<p16f690.inc>
                                                   LIST
                                           ; P16F690.INC  Standard Header File, Version 1.00    Microchip Technology, Inc.
                                                   NOLIST
                                           
                                           	global		set_pinout_tris
                                           
                                           libtt	code
                                           set_pinout_tris:
000005   1683     bsf	0x3, 0x5             	banksel		TRISA		;;	<< These settings provide the following
000006   1303     bcf	0x3, 0x6             
000007   3009     movlw	0x9                	movlw		B'00001001'	;;	<< configuration for the physical terminals
000008   0085     movwf	0x5                	movwf		TRISA		;;	<< of the PIC16F690:
000009   3020     movlw	0x20               	movlw		B'00100000'	;;	<<
00000a   0086     movwf	0x6                	movwf		TRISB		;;	<< PORT	PIN	I/O	NAME	FUNCTION
00000b   3000     movlw	0                  	movlw		B'00000000'	;;	<< RA3	4	I	DISIPO	Ser data in
00000c   0087     movwf	0x7                	movwf		TRISC		;;	<< RA5	2	O	DOSIPO	Ser data out
00000d   1283     bcf	0x3, 0x5             	banksel		PORTA		;;	   RA4	3	O	CKSIPO	Clock out
00000e   1303     bcf	0x3, 0x6             
00000f   0185     clrf	0x5                 	clrf		PORTA		;;	   RC5	5	O	LDSIPO	Load D out
000010   0186     clrf	0x6                 	clrf		PORTB		;;	   RC4	6	O	CRSIPO	Clear out
000011   0187     clrf	0x7                 	clrf		PORTC		;;	   RA0	19	I	DIPISO	Ser data in
                                           					;;	   RA1	18	O	DOPISO	Ser data out
                                           					;;	   RA2	17	O	CKPISO	Clock out
                                           					;;	   RC0	16	O	LDPISO	Load D out
                                           					;;	   RC1	15	O	CRPISO	Clear out
                                           					;;	   RB5	12	I	RX	RX in
                                           					;;	   RB7	10	O	TX	TX out
000012   0008     return                   	return
                                           	end
                                           	processor	pic16f690
                                           	include		<p16f690.inc>
                                                   LIST
                                           ; P16F690.INC  Standard Header File, Version 1.00    Microchip Technology, Inc.
                                                   NOLIST
                                           
                                           	variable	i
                                           
                                           	global		test_trmt
                                           
                                           	udata
                                           TRMT_T	res		1
                                           
                                           libtt	code
                                           test_trmt:
000013   3000     movlw	0                  	movlw		B'00000000'
000014   00a0     movwf	0x20               	movwf		TRMT_T
000015   1283     bcf	0x3, 0x5             	banksel		TXREG
000016   1303     bcf	0x3, 0x6             
000017   0099     movwf	0x19               	movwf		TXREG		;;	<< The value of WREG is unimportant
000018   1683     bsf	0x3, 0x5             	banksel		TXSTA
000019   1303     bcf	0x3, 0x6             
                                           i = 0
                                           	while		i < 8
00001a   1898     btfsc	0x18, 0x1          	btfsc		TXSTA,1
00001b   1420     bsf	0x20, 0              	bsf		TRMT_T,i
                                           i += 1
                                           	endw
00002a   0820     movf	0x20, w             	movfw		TRMT_T
00002b   1283     bcf	0x3, 0x5             	banksel		PORTC
00002c   1303     bcf	0x3, 0x6             
00002d   0087     movwf	0x7                	movwf		PORTC
00002e   0008     return                   	return
                                           	end
                                           	processor	pic16f690
                                           	include		<p16f690.inc>
                                                   LIST
                                           ; P16F690.INC  Standard Header File, Version 1.00    Microchip Technology, Inc.
                                                   NOLIST
                                           
                                           	global		set_anselh_ansel
                                           
                                           libtt	code
                                           set_anselh_ansel:
00002f   1283     bcf	0x3, 0x5             	banksel		ANSEL		;;	<< ANSELH:ANSEL Settings
000030   1703     bsf	0x3, 0x6             
000031   019e     clrf	0x1e                	clrf		ANSEL		;;	<<
000032   1283     bcf	0x3, 0x5             	banksel		ANSELH		;;	<<
000033   1703     bsf	0x3, 0x6             
000034   019f     clrf	0x1f                	clrf		ANSELH		;;	<<
000035   0008     return                   	return
                                           	end
                                           	processor	pic16f690
                                           	include		<p16f690.inc>
                                                   LIST
                                           ; P16F690.INC  Standard Header File, Version 1.00    Microchip Technology, Inc.
                                                   NOLIST
                                           
                                           	global		set_eusart_19200
                                           
                                           libtt	code
                                           set_eusart_19200:
000036   1283     bcf	0x3, 0x5             	banksel		INTCON		;;	<< These settings configure interrupt
000037   1303     bcf	0x3, 0x6             
000038   138b     bcf	0xb, 0x7             	bcf		INTCON,7	;;	<< functions for the PIC16F690 EUSART.
000039   130b     bcf	0xb, 0x6             	bcf		INTCON,6	;;	<<
00003a   1683     bsf	0x3, 0x5             	banksel		PIE1		;;	<<
00003b   1303     bcf	0x3, 0x6             
00003c   128c     bcf	0xc, 0x5             	bcf		PIE1,5		;;	<<
                                           
00003d   1683     bsf	0x3, 0x5             	banksel		SPBRGH		;;	<< These settings assign the following
00003e   1303     bcf	0x3, 0x6             
00003f   019a     clrf	0x1a                	clrf		SPBRGH		;;	<< values to the PIC16F690 EUSART:
000040   1683     bsf	0x3, 0x5             	banksel		SPBRG		;;	<<
000041   1303     bcf	0x3, 0x6             
000042   300c     movlw	0xc                	movlw		D'12'		;;	<< FOSC		= 4 MHz
000043   0099     movwf	0x19               	movwf		SPBRG		;;	<< SYNC		= 0
000044   1683     bsf	0x3, 0x5             	banksel		BAUDCTL		;;	<< BRGH		= 1
000045   1303     bcf	0x3, 0x6             
000046   119b     bcf	0x1b, 0x3            	bcf		BAUDCTL,3	;;	<< BRG16	= 0
000047   1683     bsf	0x3, 0x5             	banksel		TXSTA		;;	<< SPBRGH:SPBRG	= 12
000048   1303     bcf	0x3, 0x6             
000049   1518     bsf	0x18, 0x2            	bsf		TXSTA,2		;;	<< BR           = 19200
00004a   1218     bcf	0x18, 0x4            	bcf		TXSTA,4		;;	<< ACTBR        = 19.23 k
00004b   1198     bcf	0x18, 0x3            	bcf		TXSTA,3		;;	<< ERROR        = 0.16 %
00004c   1698     bsf	0x18, 0x5            	bsf		TXSTA,5		;;	<<
00004d   1318     bcf	0x18, 0x6            	bcf		TXSTA,6		;;	<<
00004e   1283     bcf	0x3, 0x5             	banksel		RCSTA		;;	<<
00004f   1303     bcf	0x3, 0x6             
000050   1198     bcf	0x18, 0x3            	bcf		RCSTA,3		;;	<<
000051   1618     bsf	0x18, 0x4            	bsf		RCSTA,4		;;	<<
000052   1318     bcf	0x18, 0x6            	bcf		RCSTA,6		;;	<<
000053   1798     bsf	0x18, 0x7            	bsf		RCSTA,7		;;	<<
000054   0008     return                   	return
                                           	end
